<?xml version="1.0" encoding="UTF-8"?>
<testsuites name="jest tests" tests="1" failures="0" errors="0" time="0.736">
  <testsuite name="Posts" errors="0" failures="0" skipped="0" timestamp="2023-12-03T18:25:38" time="0.479" tests="1">
    <testcase classname="Posts It renders multiple posts" name="Posts It renders multiple posts" time="0.022">
    </testcase>
  </testsuite>
</testsuites>